<?xml version="1.0" encoding="UTF-8"?>
<testng-results skipped="0" failed="0" total="2" passed="2">
  <reporter-output>
  </reporter-output>
  <suite name="testNG Classes" duration-ms="46247" started-at="2019-08-21T19:22:02Z" finished-at="2019-08-21T19:22:48Z">
    <groups>
    </groups>
    <test name="Execute testNG Classes" duration-ms="46247" started-at="2019-08-21T19:22:02Z" finished-at="2019-08-21T19:22:48Z">
      <class name="com.qa.dataProviderTest.HalfEbayTest">
        <test-method status="PASS" signature="setUp()[pri:0, instance:com.qa.dataProviderTest.HalfEbayTest@f751c195]" name="setUp" is-config="true" duration-ms="29032" started-at="2019-08-22T00:52:02Z" finished-at="2019-08-22T00:52:31Z">
          <reporter-output>
          </reporter-output>
        </test-method> <!-- setUp -->
        <test-method status="PASS" signature="ebayRegistrationTest(java.lang.String, java.lang.String, java.lang.String, java.lang.String, java.lang.String, java.lang.String, java.lang.String, java.lang.String)[pri:0, instance:com.qa.dataProviderTest.HalfEbayTest@f751c195]" name="ebayRegistrationTest" duration-ms="3775" started-at="2019-08-22T00:52:31Z" data-provider="getTestData" finished-at="2019-08-22T00:52:35Z">
          <params>
            <param index="0">
              <value>
                <![CDATA[akshay]]>
              </value>
            </param>
            <param index="1">
              <value>
                <![CDATA[shete]]>
              </value>
            </param>
            <param index="2">
              <value>
                <![CDATA[newyork]]>
              </value>
            </param>
            <param index="3">
              <value>
                <![CDATA[downton]]>
              </value>
            </param>
            <param index="4">
              <value>
                <![CDATA[newyork]]>
              </value>
            </param>
            <param index="5">
              <value>
                <![CDATA[Arizona]]>
              </value>
            </param>
            <param index="6">
              <value>
                <![CDATA[94088]]>
              </value>
            </param>
            <param index="7">
              <value>
                <![CDATA[akis@gmail.com]]>
              </value>
            </param>
          </params>
          <reporter-output>
          </reporter-output>
        </test-method> <!-- ebayRegistrationTest -->
        <test-method status="PASS" signature="tearDown()[pri:0, instance:com.qa.dataProviderTest.HalfEbayTest@f751c195]" name="tearDown" is-config="true" duration-ms="1257" started-at="2019-08-22T00:52:35Z" finished-at="2019-08-22T00:52:36Z">
          <reporter-output>
          </reporter-output>
        </test-method> <!-- tearDown -->
        <test-method status="PASS" signature="setUp()[pri:0, instance:com.qa.dataProviderTest.HalfEbayTest@f751c195]" name="setUp" is-config="true" duration-ms="8982" started-at="2019-08-22T00:52:36Z" finished-at="2019-08-22T00:52:45Z">
          <reporter-output>
          </reporter-output>
        </test-method> <!-- setUp -->
        <test-method status="PASS" signature="ebayRegistrationTest(java.lang.String, java.lang.String, java.lang.String, java.lang.String, java.lang.String, java.lang.String, java.lang.String, java.lang.String)[pri:0, instance:com.qa.dataProviderTest.HalfEbayTest@f751c195]" name="ebayRegistrationTest" duration-ms="1742" started-at="2019-08-22T00:52:45Z" data-provider="getTestData" finished-at="2019-08-22T00:52:47Z">
          <params>
            <param index="0">
              <value>
                <![CDATA[shete]]>
              </value>
            </param>
            <param index="1">
              <value>
                <![CDATA[akshay]]>
              </value>
            </param>
            <param index="2">
              <value>
                <![CDATA[sandton]]>
              </value>
            </param>
            <param index="3">
              <value>
                <![CDATA[sandwon]]>
              </value>
            </param>
            <param index="4">
              <value>
                <![CDATA[joburg]]>
              </value>
            </param>
            <param index="5">
              <value>
                <![CDATA[Arizona]]>
              </value>
            </param>
            <param index="6">
              <value>
                <![CDATA[2196]]>
              </value>
            </param>
            <param index="7">
              <value>
                <![CDATA[akshay@gmail.com]]>
              </value>
            </param>
          </params>
          <reporter-output>
          </reporter-output>
        </test-method> <!-- ebayRegistrationTest -->
        <test-method status="PASS" signature="tearDown()[pri:0, instance:com.qa.dataProviderTest.HalfEbayTest@f751c195]" name="tearDown" is-config="true" duration-ms="970" started-at="2019-08-22T00:52:47Z" finished-at="2019-08-22T00:52:48Z">
          <reporter-output>
          </reporter-output>
        </test-method> <!-- tearDown -->
      </class> <!-- com.qa.dataProviderTest.HalfEbayTest -->
    </test> <!-- Execute testNG Classes -->
  </suite> <!-- testNG Classes -->
</testng-results>
