<?xml version="1.0" encoding="UTF-8"?>
<!-- Generated by org.testng.reporters.JUnitXMLReporter -->
<testsuite hostname="PUNHJW256997L" name="Execute testNG Classes" tests="2" failures="0" timestamp="20 Aug 2019 19:24:58 GMT" time="25.278" errors="0">
  <testcase name="ebayRegistrationTest" time="1.768" classname="com.qa.dataProviderTest.HalfEbayTest"/>
  <testcase name="ebayRegistrationTest" time="1.818" classname="com.qa.dataProviderTest.HalfEbayTest"/>
</testsuite> <!-- Execute testNG Classes -->
