<?xml version="1.0" encoding="UTF-8"?>
<!-- Generated by org.testng.reporters.JUnitXMLReporter -->
<testsuite hostname="PUNHJW256997L" name="Execute testNG Classes" tests="2" failures="0" timestamp="21 Aug 2019 19:22:48 GMT" time="46.247" errors="0">
  <testcase name="ebayRegistrationTest" time="3.775" classname="com.qa.dataProviderTest.HalfEbayTest"/>
  <testcase name="ebayRegistrationTest" time="1.742" classname="com.qa.dataProviderTest.HalfEbayTest"/>
</testsuite> <!-- Execute testNG Classes -->
